Android-tcp-server-and-client/client/AndroidTCPServer/app/build/intermediates/manifest_merge_blame_file/debug/manifest-merger-blame-debug-report.txt
1<?xml version="1.0" encoding="utf-8"?>
2<manifest xmlns:android="http://schemas.android.com/apk/res/android"
3    package="com.example.orderingapp"
4    android:versionCode="1"
5    android:versionName="1.0" >
6
7    <uses-sdk
8        android:minSdkVersion="17"
8-->src/main/AndroidManifest.xml
9        android:targetSdkVersion="29" />
9-->src/main/AndroidManifest.xml
10
11    <uses-permission android:name="android.permission.VIBRATE" />
11-->src/main/AndroidManifest.xml:8:5-66
11-->src/main/AndroidManifest.xml:8:22-63
12    <uses-permission android:name="android.permission.BLUETOOTH_ADMIN" />
12-->src/main/AndroidManifest.xml:9:5-74
12-->src/main/AndroidManifest.xml:9:22-71
13    <uses-permission android:name="android.permission.BLUETOOTH" />
13-->src/main/AndroidManifest.xml:10:5-68
13-->src/main/AndroidManifest.xml:10:22-65
14    <uses-permission android:name="android.permission.INTERNET" />
14-->src/main/AndroidManifest.xml:11:5-67
14-->src/main/AndroidManifest.xml:11:22-64
15    <uses-permission android:name="android.permission.ACCESS_WIFI_STATE" />
15-->src/main/AndroidManifest.xml:12:5-76
15-->src/main/AndroidManifest.xml:12:22-73
16    <uses-permission android:name="android.permission.ACCESS_NETWORK_STATE" />
16-->src/main/AndroidManifest.xml:13:5-79
16-->src/main/AndroidManifest.xml:13:22-76
17
18    <application
18-->src/main/AndroidManifest.xml:15:5-29:19
19        android:allowBackup="true"
19-->src/main/AndroidManifest.xml:16:9-35
20        android:appComponentFactory="androidx.core.app.CoreComponentFactory"
20-->[androidx.core:core:1.0.0] AndroidManifest.xml:22:18-86
21        android:debuggable="true"
22        android:icon="@drawable/ic_launcher"
22-->src/main/AndroidManifest.xml:17:9-45
23        android:label="@string/app_name"
23-->src/main/AndroidManifest.xml:18:9-41
24        android:theme="@android:style/Theme.NoTitleBar" >
24-->src/main/AndroidManifest.xml:19:8-55
25        <activity
25-->src/main/AndroidManifest.xml:20:9-28:20
26            android:name="com.example.android_tcp_server.MainActivity"
26-->src/main/AndroidManifest.xml:21:13-71
27            android:label="TCP Server" >
27-->src/main/AndroidManifest.xml:22:13-39
28            <intent-filter>
28-->src/main/AndroidManifest.xml:23:13-27:29
29                <action android:name="android.intent.action.MAIN" />
29-->src/main/AndroidManifest.xml:24:17-69
29-->src/main/AndroidManifest.xml:24:25-66
30
31                <category android:name="android.intent.category.LAUNCHER" />
31-->src/main/AndroidManifest.xml:26:17-77
31-->src/main/AndroidManifest.xml:26:27-74
32            </intent-filter>
33        </activity>
34    </application>
35
36</manifest>